<?xml version="1.0" encoding="UTF-8"?>
<testsuite xmlns:xsi="http://www.w3.org/2001/XMLSchema-instance" xsi:noNamespaceSchemaLocation="https://maven.apache.org/surefire/maven-surefire-plugin/xsd/surefire-test-report-3.0.xsd" version="3.0" name="tests.UserTests" time="4.201" tests="4" errors="0" skipped="0" failures="4">
  <properties>
[...]
</properties>
  <testcase name="testCreateUserWithData[10, mohameddhateem, mohamed, hatem, hatem@email.com, 12345, 12345, 1](1)" classname="tests.UserTests" time="1.706">
    <failure message="Verify the status code is 200 expected [200] but found [500]" type="java.lang.AssertionError"><![CDATA[java.lang.AssertionError: Verify the status code is 200 expected [200] but found [500]
	at tests.UserTests.testCreateUserWithData(UserTests.java:45)
]]></failure>
    <system-out><![CDATA[Request method:	POST
Request URI:	https://petstore3.swagger.io/api/v3/user
Proxy:			<none>
Request params:	<none>
Query params:	<none>
Form params:	<none>
Path params:	<none>
Headers:		Accept=*/*
				Content-Type=application/json
Cookies:		<none>
Multiparts:		<none>
Body:
{
    "id": 10,
    "username": "mohameddhateem",
    "firstName": "mohamed",
    "lastName": "hatem",
    "email": "hatem@email.com",
    "password": "12345",
    "phone": "12345",
    "userStatus": 1
}
HTTP/1.1 500 Internal Server Error
Date: Sat, 14 Dec 2024 20:56:22 GMT
Content-Type: application/json
Content-Length: 110
Connection: keep-alive
Access-Control-Allow-Origin: *
Access-Control-Allow-Methods: GET, POST, DELETE, PUT
Access-Control-Allow-Headers: Content-Type, api_key, Authorization
Access-Control-Expose-Headers: Content-Disposition
Server: Jetty(9.4.53.v20231009)

{
    "code": 500,
    "message": "There was an error processing your request. It has been logged (ID: 68203d487f8f2f5e)"
}
]]></system-out>
  </testcase>
  <testcase name="testGetUserById[10, mohameddhateem, mohamed, hatem, hatem@email.com, 12345, 12345, 1](1)" classname="tests.UserTests" time="0.689">
    <failure message="Verify the status code is 200 expected [200] but found [500]" type="java.lang.AssertionError"><![CDATA[java.lang.AssertionError: Verify the status code is 200 expected [200] but found [500]
	at tests.UserTests.testGetUserById(UserTests.java:63)
]]></failure>
    <system-out><![CDATA[Request method:	GET
Request URI:	https://petstore3.swagger.io/api/v3/user/mohameddhateem
Proxy:			<none>
Request params:	<none>
Query params:	<none>
Form params:	<none>
Path params:	<none>
Headers:		Accept=*/*
Cookies:		<none>
Multiparts:		<none>
Body:			<none>
HTTP/1.1 500 Internal Server Error
Date: Sat, 14 Dec 2024 20:56:23 GMT
Content-Type: application/json
Content-Length: 110
Connection: keep-alive
Access-Control-Allow-Origin: *
Access-Control-Allow-Methods: GET, POST, DELETE, PUT
Access-Control-Allow-Headers: Content-Type, api_key, Authorization
Access-Control-Expose-Headers: Content-Disposition
Server: Jetty(9.4.53.v20231009)

{
    "code": 500,
    "message": "There was an error processing your request. It has been logged (ID: bf94b26be6ae1ea7)"
}
]]></system-out>
  </testcase>
  <testcase name="testUpdateUser[10, mohameddhateem, mohamed, hatem, hatem@email.com, 12345, 12345, 1](1)" classname="tests.UserTests" time="0.718">
    <failure message="Verify the status code is 200 expected [200] but found [500]" type="java.lang.AssertionError"><![CDATA[java.lang.AssertionError: Verify the status code is 200 expected [200] but found [500]
	at tests.UserTests.testUpdateUser(UserTests.java:95)
]]></failure>
    <system-out><![CDATA[Request method:	PUT
Request URI:	https://petstore3.swagger.io/api/v3/user/mohameddhateem
Proxy:			<none>
Request params:	<none>
Query params:	<none>
Form params:	<none>
Path params:	<none>
Headers:		Accept=*/*
				Content-Type=application/json
Cookies:		<none>
Multiparts:		<none>
Body:
{
    "id": 10,
    "username": "mohameddhateem",
    "firstName": "mohamedUpdated",
    "lastName": "hatemUpdated",
    "email": "hatem@email.com",
    "password": "12345",
    "phone": "12345",
    "userStatus": 1
}
HTTP/1.1 500 Internal Server Error
Date: Sat, 14 Dec 2024 20:56:24 GMT
Content-Type: application/json
Content-Length: 110
Connection: keep-alive
Access-Control-Allow-Origin: *
Access-Control-Allow-Methods: GET, POST, DELETE, PUT
Access-Control-Allow-Headers: Content-Type, api_key, Authorization
Access-Control-Expose-Headers: Content-Disposition
Server: Jetty(9.4.53.v20231009)

{
    "code": 500,
    "message": "There was an error processing your request. It has been logged (ID: 8e28cc214ef1c82f)"
}
]]></system-out>
  </testcase>
  <testcase name="testDeleteUser[10, mohameddhateem, mohamed, hatem, hatem@email.com, 12345, 12345, 1](1)" classname="tests.UserTests" time="0.713">
    <failure message="Verify the status code is 200 expected [200] but found [500]" type="java.lang.AssertionError"><![CDATA[java.lang.AssertionError: Verify the status code is 200 expected [200] but found [500]
	at tests.UserTests.testDeleteUser(UserTests.java:112)
]]></failure>
    <system-out><![CDATA[Request method:	DELETE
Request URI:	https://petstore3.swagger.io/api/v3/user/mohameddhateem
Proxy:			<none>
Request params:	<none>
Query params:	<none>
Form params:	<none>
Path params:	<none>
Headers:		Accept=*/*
Cookies:		<none>
Multiparts:		<none>
Body:			<none>
HTTP/1.1 500 Internal Server Error
Date: Sat, 14 Dec 2024 20:56:24 GMT
Content-Type: application/json
Content-Length: 110
Connection: keep-alive
Access-Control-Allow-Origin: *
Access-Control-Allow-Methods: GET, POST, DELETE, PUT
Access-Control-Allow-Headers: Content-Type, api_key, Authorization
Access-Control-Expose-Headers: Content-Disposition
Server: Jetty(9.4.53.v20231009)

{
    "code": 500,
    "message": "There was an error processing your request. It has been logged (ID: 589f512e5ee0db28)"
}
]]></system-out>
  </testcase>
</testsuite>